2022-05-20 18:15:49,769 INFO org.springframework.boot.StartupInfoLogger [main] Starting ManagementApplication using Java 11.0.15 on lsuarezgo-ThinkPad-L560 with PID 55061 (/media/lsuarezgo/Almacenamiento/Work projects/Musala/management/target/classes started by lsuarezgo in /media/lsuarezgo/Almacenamiento/Work projects/Musala/management)
2022-05-20 18:15:49,774 DEBUG org.springframework.boot.StartupInfoLogger [main] Running with Spring Boot v2.6.7, Spring v5.3.19
2022-05-20 18:15:49,775 INFO org.springframework.boot.SpringApplication [main] No active profile set, falling back to 1 default profile: "default"
2022-05-20 18:15:53,657 INFO org.springframework.boot.StartupInfoLogger [main] Started ManagementApplication in 4.985 seconds (JVM running for 5.69)
2022-05-20 18:16:11,823 INFO org.springframework.boot.StartupInfoLogger [main] Starting ManagementApplication using Java 11.0.15 on lsuarezgo-ThinkPad-L560 with PID 55136 (/media/lsuarezgo/Almacenamiento/Work projects/Musala/management/target/classes started by lsuarezgo in /media/lsuarezgo/Almacenamiento/Work projects/Musala/management)
2022-05-20 18:16:11,826 DEBUG org.springframework.boot.StartupInfoLogger [main] Running with Spring Boot v2.6.7, Spring v5.3.19
2022-05-20 18:16:11,827 INFO org.springframework.boot.SpringApplication [main] No active profile set, falling back to 1 default profile: "default"
2022-05-20 18:16:14,481 WARN org.springframework.boot.autoconfigure.orm.jpa.JpaBaseConfiguration$JpaWebConfiguration [main] spring.jpa.open-in-view is enabled by default. Therefore, database queries may be performed during view rendering. Explicitly configure spring.jpa.open-in-view to disable this warning
2022-05-20 18:16:14,784 INFO org.springframework.boot.StartupInfoLogger [main] Started ManagementApplication in 3.467 seconds (JVM running for 3.846)
2022-05-20 18:21:38,234 INFO org.springframework.boot.StartupInfoLogger [main] Starting ManagementApplication using Java 11.0.15 on lsuarezgo-ThinkPad-L560 with PID 55433 (/media/lsuarezgo/Almacenamiento/Work projects/Musala/management/target/classes started by lsuarezgo in /media/lsuarezgo/Almacenamiento/Work projects/Musala/management)
2022-05-20 18:21:38,237 DEBUG org.springframework.boot.StartupInfoLogger [main] Running with Spring Boot v2.6.7, Spring v5.3.19
2022-05-20 18:21:38,238 INFO org.springframework.boot.SpringApplication [main] No active profile set, falling back to 1 default profile: "default"
2022-05-20 18:21:40,856 WARN org.springframework.boot.autoconfigure.orm.jpa.JpaBaseConfiguration$JpaWebConfiguration [main] spring.jpa.open-in-view is enabled by default. Therefore, database queries may be performed during view rendering. Explicitly configure spring.jpa.open-in-view to disable this warning
2022-05-20 18:21:41,179 INFO org.springframework.boot.StartupInfoLogger [main] Started ManagementApplication in 3.488 seconds (JVM running for 3.835)
2022-05-20 18:32:57,119 INFO org.springframework.boot.StartupInfoLogger [main] Starting ManagementApplication using Java 11.0.15 on lsuarezgo-ThinkPad-L560 with PID 55670 (/media/lsuarezgo/Almacenamiento/Work projects/Musala/management/target/classes started by lsuarezgo in /media/lsuarezgo/Almacenamiento/Work projects/Musala/management)
2022-05-20 18:32:57,122 DEBUG org.springframework.boot.StartupInfoLogger [main] Running with Spring Boot v2.6.7, Spring v5.3.19
2022-05-20 18:32:57,123 INFO org.springframework.boot.SpringApplication [main] No active profile set, falling back to 1 default profile: "default"
2022-05-20 18:32:59,758 WARN org.springframework.boot.autoconfigure.orm.jpa.JpaBaseConfiguration$JpaWebConfiguration [main] spring.jpa.open-in-view is enabled by default. Therefore, database queries may be performed during view rendering. Explicitly configure spring.jpa.open-in-view to disable this warning
2022-05-20 18:33:00,067 INFO org.springframework.boot.StartupInfoLogger [main] Started ManagementApplication in 3.449 seconds (JVM running for 3.801)
2022-05-20 18:38:38,402 INFO org.springframework.boot.StartupInfoLogger [main] Starting ManagementApplication using Java 11.0.15 on lsuarezgo-ThinkPad-L560 with PID 55830 (/media/lsuarezgo/Almacenamiento/Work projects/Musala/management/target/classes started by lsuarezgo in /media/lsuarezgo/Almacenamiento/Work projects/Musala/management)
2022-05-20 18:38:38,406 DEBUG org.springframework.boot.StartupInfoLogger [main] Running with Spring Boot v2.6.7, Spring v5.3.19
2022-05-20 18:38:38,407 INFO org.springframework.boot.SpringApplication [main] No active profile set, falling back to 1 default profile: "default"
2022-05-20 18:38:40,978 WARN org.springframework.boot.autoconfigure.orm.jpa.JpaBaseConfiguration$JpaWebConfiguration [main] spring.jpa.open-in-view is enabled by default. Therefore, database queries may be performed during view rendering. Explicitly configure spring.jpa.open-in-view to disable this warning
2022-05-20 18:38:41,278 INFO org.springframework.boot.StartupInfoLogger [main] Started ManagementApplication in 3.382 seconds (JVM running for 3.731)
2022-05-20 18:44:17,472 INFO org.springframework.boot.StartupInfoLogger [main] Starting ManagementApplication using Java 11.0.15 on lsuarezgo-ThinkPad-L560 with PID 56127 (/media/lsuarezgo/Almacenamiento/Work projects/Musala/management/target/classes started by lsuarezgo in /media/lsuarezgo/Almacenamiento/Work projects/Musala/management)
2022-05-20 18:44:17,480 DEBUG org.springframework.boot.StartupInfoLogger [main] Running with Spring Boot v2.6.7, Spring v5.3.19
2022-05-20 18:44:17,482 INFO org.springframework.boot.SpringApplication [main] No active profile set, falling back to 1 default profile: "default"
2022-05-20 18:44:20,159 WARN org.springframework.boot.autoconfigure.orm.jpa.JpaBaseConfiguration$JpaWebConfiguration [main] spring.jpa.open-in-view is enabled by default. Therefore, database queries may be performed during view rendering. Explicitly configure spring.jpa.open-in-view to disable this warning
2022-05-20 18:44:20,489 INFO org.springframework.boot.StartupInfoLogger [main] Started ManagementApplication in 3.524 seconds (JVM running for 3.957)
2022-05-20 18:44:20,541 INFO com.musala.gateway.management.config.InitializerCfg [main] [com.musala.gateway.management.model.Gateway@1a85e86e, com.musala.gateway.management.model.Gateway@4e614370, com.musala.gateway.management.model.Gateway@2157889c]
2022-05-20 18:44:20,562 INFO com.musala.gateway.management.config.InitializerCfg [main] [com.musala.gateway.management.model.Device@14b96c1e, com.musala.gateway.management.model.Device@36ab69d9, com.musala.gateway.management.model.Device@3ba1f56e, com.musala.gateway.management.model.Device@59ac77f9, com.musala.gateway.management.model.Device@4177d422, com.musala.gateway.management.model.Device@6dc2e473, com.musala.gateway.management.model.Device@629600d7, com.musala.gateway.management.model.Device@33837bd4, com.musala.gateway.management.model.Device@511bfbb0, com.musala.gateway.management.model.Device@27a6384b, com.musala.gateway.management.model.Device@6549ce71, com.musala.gateway.management.model.Device@3f2ef402, com.musala.gateway.management.model.Device@2fa2143d]
